Logfile initialized
[INFO] logfile = /Users/adecena/Dev/Titanium/BeerShift/build.log
[DEBUG] /Library/Application Support/Titanium/mobilesdk/osx/2.0.2.GA/android/builder.py simulator BeerShift /Users/adecena/android-sdk-mac_x86 /Users/adecena/Dev/Titanium/BeerShift com.onopenshift.beershift 5 HVGA 
[INFO] Building BeerShift for Android ... one moment
[INFO] Titanium SDK version: 2.0.2 (05/30/12 10:21 2ff31a3)
[DEBUG] Waiting for device to be ready ...
[TRACE] adb devices returned 1 devices/emulators
[TRACE] adb devices returned 1 devices/emulators
[TRACE] adb devices returned 1 devices/emulators
[TRACE] adb devices returned 1 devices/emulators
[TRACE] adb devices returned 1 devices/emulators
[TRACE] adb devices returned 1 devices/emulators
[TRACE] adb devices returned 1 devices/emulators
[DEBUG] Device connected... (waited 30 seconds)
[DEBUG] waited 30.210855 seconds on emulator to get ready
[INFO] Waiting for the Android Emulator to become available
[DEBUG] com.onopenshift.beershift installed? True
[INFO] Fastdev server running, deploying in Fastdev mode
[INFO] Copying CommonJS modules...
[INFO] Copying project resources..
[INFO] Detected change in tiapp.xml, or assets deleted. Forcing full re-build...
[TRACE] COPYING CREATED FILE: /Users/adecena/Dev/Titanium/BeerShift/Resources/android/appicon.png => /Users/adecena/Dev/Titanium/BeerShift/build/android/bin/assets/Resources/appicon.png
[TRACE] COPYING CREATED FILE: /Users/adecena/Dev/Titanium/BeerShift/Resources/android/default.png => /Users/adecena/Dev/Titanium/BeerShift/build/android/bin/assets/Resources/default.png
[TRACE] COPYING CREATED FILE: /Users/adecena/Dev/Titanium/BeerShift/Resources/app.js => /Users/adecena/Dev/Titanium/BeerShift/build/android/bin/assets/Resources/app.js
[TRACE] COPYING CREATED FILE: /Users/adecena/Dev/Titanium/BeerShift/Resources/beerTable.js => /Users/adecena/Dev/Titanium/BeerShift/build/android/bin/assets/Resources/beerTable.js
[TRACE] COPYING CREATED FILE: /Users/adecena/Dev/Titanium/BeerShift/Resources/dateFormat.js => /Users/adecena/Dev/Titanium/BeerShift/build/android/bin/assets/Resources/dateFormat.js
[TRACE] COPYING CREATED FILE: /Users/adecena/Dev/Titanium/BeerShift/Resources/detailWindow.js => /Users/adecena/Dev/Titanium/BeerShift/build/android/bin/assets/Resources/detailWindow.js
[TRACE] COPYING CREATED FILE: /Users/adecena/Dev/Titanium/BeerShift/Resources/drankWindow.js => /Users/adecena/Dev/Titanium/BeerShift/build/android/bin/assets/Resources/drankWindow.js
[TRACE] COPYING CREATED FILE: /Users/adecena/Dev/Titanium/BeerShift/Resources/drinkWindow.js => /Users/adecena/Dev/Titanium/BeerShift/build/android/bin/assets/Resources/drinkWindow.js
[TRACE] COPYING CREATED FILE: /Users/adecena/Dev/Titanium/BeerShift/Resources/firehoseWindow.js => /Users/adecena/Dev/Titanium/BeerShift/build/android/bin/assets/Resources/firehoseWindow.js
[TRACE] COPYING CREATED FILE: /Users/adecena/Dev/Titanium/BeerShift/Resources/images/background.png => /Users/adecena/Dev/Titanium/BeerShift/build/android/bin/assets/Resources/images/background.png
[TRACE] COPYING CREATED FILE: /Users/adecena/Dev/Titanium/BeerShift/Resources/images/button-login.png => /Users/adecena/Dev/Titanium/BeerShift/build/android/bin/assets/Resources/images/button-login.png
[TRACE] COPYING CREATED FILE: /Users/adecena/Dev/Titanium/BeerShift/Resources/images/icon-beer.png => /Users/adecena/Dev/Titanium/BeerShift/build/android/bin/assets/Resources/images/icon-beer.png
[TRACE] COPYING CREATED FILE: /Users/adecena/Dev/Titanium/BeerShift/Resources/images/icon-drank.png => /Users/adecena/Dev/Titanium/BeerShift/build/android/bin/assets/Resources/images/icon-drank.png
[TRACE] COPYING CREATED FILE: /Users/adecena/Dev/Titanium/BeerShift/Resources/images/icon-drink.png => /Users/adecena/Dev/Titanium/BeerShift/build/android/bin/assets/Resources/images/icon-drink.png
[TRACE] COPYING CREATED FILE: /Users/adecena/Dev/Titanium/BeerShift/Resources/images/icon-firehose.png => /Users/adecena/Dev/Titanium/BeerShift/build/android/bin/assets/Resources/images/icon-firehose.png
[TRACE] COPYING CREATED FILE: /Users/adecena/Dev/Titanium/BeerShift/Resources/images/icon-settings.png => /Users/adecena/Dev/Titanium/BeerShift/build/android/bin/assets/Resources/images/icon-settings.png
[TRACE] COPYING CREATED FILE: /Users/adecena/Dev/Titanium/BeerShift/Resources/images/KS_nav_ui.png => /Users/adecena/Dev/Titanium/BeerShift/build/android/bin/assets/Resources/images/KS_nav_ui.png
[TRACE] COPYING CREATED FILE: /Users/adecena/Dev/Titanium/BeerShift/Resources/images/KS_nav_views.png => /Users/adecena/Dev/Titanium/BeerShift/build/android/bin/assets/Resources/images/KS_nav_views.png
[TRACE] COPYING CREATED FILE: /Users/adecena/Dev/Titanium/BeerShift/Resources/images/navbar.png => /Users/adecena/Dev/Titanium/BeerShift/build/android/bin/assets/Resources/images/navbar.png
[TRACE] COPYING CREATED FILE: /Users/adecena/Dev/Titanium/BeerShift/Resources/images/OpenShift-Logo-1.jpg => /Users/adecena/Dev/Titanium/BeerShift/build/android/bin/assets/Resources/images/OpenShift-Logo-1.jpg
[TRACE] COPYING CREATED FILE: /Users/adecena/Dev/Titanium/BeerShift/Resources/images/openshift-logo-white-scaled.png => /Users/adecena/Dev/Titanium/BeerShift/build/android/bin/assets/Resources/images/openshift-logo-white-scaled.png
[TRACE] COPYING CREATED FILE: /Users/adecena/Dev/Titanium/BeerShift/Resources/images/openshift-logo-white.png => /Users/adecena/Dev/Titanium/BeerShift/build/android/bin/assets/Resources/images/openshift-logo-white.png
[TRACE] COPYING CREATED FILE: /Users/adecena/Dev/Titanium/BeerShift/Resources/images/pitcher.jpg => /Users/adecena/Dev/Titanium/BeerShift/build/android/bin/assets/Resources/images/pitcher.jpg
[TRACE] COPYING CREATED FILE: /Users/adecena/Dev/Titanium/BeerShift/Resources/images/Powered-By-BreweryDB.png => /Users/adecena/Dev/Titanium/BeerShift/build/android/bin/assets/Resources/images/Powered-By-BreweryDB.png
[TRACE] COPYING CREATED FILE: /Users/adecena/Dev/Titanium/BeerShift/Resources/KS_nav_ui.png => /Users/adecena/Dev/Titanium/BeerShift/build/android/bin/assets/Resources/KS_nav_ui.png
[TRACE] COPYING CREATED FILE: /Users/adecena/Dev/Titanium/BeerShift/Resources/KS_nav_views.png => /Users/adecena/Dev/Titanium/BeerShift/build/android/bin/assets/Resources/KS_nav_views.png
[TRACE] COPYING CREATED FILE: /Users/adecena/Dev/Titanium/BeerShift/Resources/populateDrankAndKegStand.js => /Users/adecena/Dev/Titanium/BeerShift/build/android/bin/assets/Resources/populateDrankAndKegStand.js
[TRACE] COPYING CREATED FILE: /Users/adecena/Dev/Titanium/BeerShift/Resources/populateTableWithBeer.js => /Users/adecena/Dev/Titanium/BeerShift/build/android/bin/assets/Resources/populateTableWithBeer.js
[TRACE] COPYING CREATED FILE: /Users/adecena/Dev/Titanium/BeerShift/Resources/settingsWindow.js => /Users/adecena/Dev/Titanium/BeerShift/build/android/bin/assets/Resources/settingsWindow.js
[TRACE] COPYING CREATED FILE: /Users/adecena/Dev/Titanium/BeerShift/Resources/whereDrank.js => /Users/adecena/Dev/Titanium/BeerShift/build/android/bin/assets/Resources/whereDrank.js
[TRACE] Generating Java Classes
[DEBUG] Processing Android resource drawables
[TRACE] COPYING FILE: /Users/adecena/Dev/Titanium/BeerShift/Resources/android/images/res-long-land-hdpi/default.png => /Users/adecena/Dev/Titanium/BeerShift/build/android/res/drawable-long-land-hdpi/default_d44e27d97b.png
[TRACE] COPYING FILE: /Users/adecena/Dev/Titanium/BeerShift/Resources/android/images/res-long-land-ldpi/default.png => /Users/adecena/Dev/Titanium/BeerShift/build/android/res/drawable-long-land-ldpi/default_d44e27d97b.png
[TRACE] COPYING FILE: /Users/adecena/Dev/Titanium/BeerShift/Resources/android/images/res-long-port-hdpi/default.png => /Users/adecena/Dev/Titanium/BeerShift/build/android/res/drawable-long-port-hdpi/default_d44e27d97b.png
[TRACE] COPYING FILE: /Users/adecena/Dev/Titanium/BeerShift/Resources/android/images/res-long-port-ldpi/default.png => /Users/adecena/Dev/Titanium/BeerShift/build/android/res/drawable-long-port-ldpi/default_d44e27d97b.png
[TRACE] COPYING FILE: /Users/adecena/Dev/Titanium/BeerShift/Resources/android/images/res-notlong-land-hdpi/default.png => /Users/adecena/Dev/Titanium/BeerShift/build/android/res/drawable-notlong-land-hdpi/default_d44e27d97b.png
[TRACE] COPYING FILE: /Users/adecena/Dev/Titanium/BeerShift/Resources/android/images/res-notlong-land-ldpi/default.png => /Users/adecena/Dev/Titanium/BeerShift/build/android/res/drawable-notlong-land-ldpi/default_d44e27d97b.png
[TRACE] COPYING FILE: /Users/adecena/Dev/Titanium/BeerShift/Resources/android/images/res-notlong-land-mdpi/default.png => /Users/adecena/Dev/Titanium/BeerShift/build/android/res/drawable-notlong-land-mdpi/default_d44e27d97b.png
[TRACE] COPYING FILE: /Users/adecena/Dev/Titanium/BeerShift/Resources/android/images/res-notlong-port-hdpi/default.png => /Users/adecena/Dev/Titanium/BeerShift/build/android/res/drawable-notlong-port-hdpi/default_d44e27d97b.png
[TRACE] COPYING FILE: /Users/adecena/Dev/Titanium/BeerShift/Resources/android/images/res-notlong-port-ldpi/default.png => /Users/adecena/Dev/Titanium/BeerShift/build/android/res/drawable-notlong-port-ldpi/default_d44e27d97b.png
[TRACE] COPYING FILE: /Users/adecena/Dev/Titanium/BeerShift/Resources/android/images/res-notlong-port-mdpi/default.png => /Users/adecena/Dev/Titanium/BeerShift/build/android/res/drawable-notlong-port-mdpi/default_d44e27d97b.png
[DEBUG] app stylesheet => /Users/adecena/Dev/Titanium/BeerShift/build/android/gen/com/onopenshift/beershift/ApplicationStylesheet.java
[DEBUG] copying app icon: /Users/adecena/Dev/Titanium/BeerShift/build/android/bin/assets/Resources/appicon.png
[DEBUG] generating theme.xml
[DEBUG] found drawable-long-land-hdpi splash screen at /Users/adecena/Dev/Titanium/BeerShift/Resources/android/images/res-long-land-hdpi/default.png
[DEBUG] copying /Users/adecena/Dev/Titanium/BeerShift/Resources/android/images/res-long-land-hdpi/default.png splash screen to /Users/adecena/Dev/Titanium/BeerShift/build/android/res/drawable-long-land-hdpi/background.png
[DEBUG] found drawable-long-land-ldpi splash screen at /Users/adecena/Dev/Titanium/BeerShift/Resources/android/images/res-long-land-ldpi/default.png
[DEBUG] copying /Users/adecena/Dev/Titanium/BeerShift/Resources/android/images/res-long-land-ldpi/default.png splash screen to /Users/adecena/Dev/Titanium/BeerShift/build/android/res/drawable-long-land-ldpi/background.png
[DEBUG] found drawable-long-port-hdpi splash screen at /Users/adecena/Dev/Titanium/BeerShift/Resources/android/images/res-long-port-hdpi/default.png
[DEBUG] copying /Users/adecena/Dev/Titanium/BeerShift/Resources/android/images/res-long-port-hdpi/default.png splash screen to /Users/adecena/Dev/Titanium/BeerShift/build/android/res/drawable-long-port-hdpi/background.png
[DEBUG] found drawable-long-port-ldpi splash screen at /Users/adecena/Dev/Titanium/BeerShift/Resources/android/images/res-long-port-ldpi/default.png
[DEBUG] copying /Users/adecena/Dev/Titanium/BeerShift/Resources/android/images/res-long-port-ldpi/default.png splash screen to /Users/adecena/Dev/Titanium/BeerShift/build/android/res/drawable-long-port-ldpi/background.png
[DEBUG] found drawable-notlong-land-hdpi splash screen at /Users/adecena/Dev/Titanium/BeerShift/Resources/android/images/res-notlong-land-hdpi/default.png
[DEBUG] copying /Users/adecena/Dev/Titanium/BeerShift/Resources/android/images/res-notlong-land-hdpi/default.png splash screen to /Users/adecena/Dev/Titanium/BeerShift/build/android/res/drawable-notlong-land-hdpi/background.png
[DEBUG] found drawable-notlong-land-ldpi splash screen at /Users/adecena/Dev/Titanium/BeerShift/Resources/android/images/res-notlong-land-ldpi/default.png
[DEBUG] copying /Users/adecena/Dev/Titanium/BeerShift/Resources/android/images/res-notlong-land-ldpi/default.png splash screen to /Users/adecena/Dev/Titanium/BeerShift/build/android/res/drawable-notlong-land-ldpi/background.png
[DEBUG] found drawable-notlong-land-mdpi splash screen at /Users/adecena/Dev/Titanium/BeerShift/Resources/android/images/res-notlong-land-mdpi/default.png
[DEBUG] copying /Users/adecena/Dev/Titanium/BeerShift/Resources/android/images/res-notlong-land-mdpi/default.png splash screen to /Users/adecena/Dev/Titanium/BeerShift/build/android/res/drawable-notlong-land-mdpi/background.png
[DEBUG] found drawable-notlong-port-hdpi splash screen at /Users/adecena/Dev/Titanium/BeerShift/Resources/android/images/res-notlong-port-hdpi/default.png
[DEBUG] copying /Users/adecena/Dev/Titanium/BeerShift/Resources/android/images/res-notlong-port-hdpi/default.png splash screen to /Users/adecena/Dev/Titanium/BeerShift/build/android/res/drawable-notlong-port-hdpi/background.png
[DEBUG] found drawable-notlong-port-ldpi splash screen at /Users/adecena/Dev/Titanium/BeerShift/Resources/android/images/res-notlong-port-ldpi/default.png
[DEBUG] copying /Users/adecena/Dev/Titanium/BeerShift/Resources/android/images/res-notlong-port-ldpi/default.png splash screen to /Users/adecena/Dev/Titanium/BeerShift/build/android/res/drawable-notlong-port-ldpi/background.png
[DEBUG] found drawable-notlong-port-mdpi splash screen at /Users/adecena/Dev/Titanium/BeerShift/Resources/android/images/res-notlong-port-mdpi/default.png
[DEBUG] copying /Users/adecena/Dev/Titanium/BeerShift/Resources/android/images/res-notlong-port-mdpi/default.png splash screen to /Users/adecena/Dev/Titanium/BeerShift/build/android/res/drawable-notlong-port-mdpi/background.png
[DEBUG] found splash screen at /Users/adecena/Dev/Titanium/BeerShift/build/android/bin/assets/Resources/default.png
[TRACE] Writing out AndroidManifest.xml
[DEBUG] adding /Users/adecena/Dev/Titanium/BeerShift/build/android/gen/com/onopenshift/beershift/ApplicationStylesheet.java to javac build list
[DEBUG] adding /Users/adecena/Dev/Titanium/BeerShift/build/android/gen/com/onopenshift/beershift/BeershiftActivity.java to javac build list
[DEBUG] adding /Users/adecena/Dev/Titanium/BeerShift/build/android/gen/com/onopenshift/beershift/BeershiftAppInfo.java to javac build list
[DEBUG] adding /Users/adecena/Dev/Titanium/BeerShift/build/android/gen/com/onopenshift/beershift/BeershiftApplication.java to javac build list
[DEBUG] adding /Users/adecena/Dev/Titanium/BeerShift/build/android/gen/com/onopenshift/beershift/R.java to javac build list
[DEBUG] Building Java Sources: "/Users/adecena/Dev/Titanium/BeerShift/build/android/gen/com/onopenshift/beershift/ApplicationStylesheet.java" "/Users/adecena/Dev/Titanium/BeerShift/build/android/gen/com/onopenshift/beershift/BeershiftActivity.java" "/Users/adecena/Dev/Titanium/BeerShift/build/android/gen/com/onopenshift/beershift/BeershiftAppInfo.java" "/Users/adecena/Dev/Titanium/BeerShift/build/android/gen/com/onopenshift/beershift/BeershiftApplication.java" "/Users/adecena/Dev/Titanium/BeerShift/build/android/gen/com/onopenshift/beershift/R.java"
[INFO] Waiting for SDCard to become available..
[INFO] Compiling Android Resources... This could take some time
[DEBUG] Android classes.dex built
[DEBUG] creating unsigned apk: /Users/adecena/Dev/Titanium/BeerShift/build/android/bin/app-unsigned.apk
[DEBUG] from resource zip => assets/Resources/images/KS_nav_ui.png
[DEBUG] from resource zip => assets/Resources/images/KS_nav_views.png
[DEBUG] from resource zip => assets/Resources/images/OpenShift-Logo-1.jpg
[DEBUG] from resource zip => assets/Resources/images/Powered-By-BreweryDB.png
[DEBUG] from resource zip => assets/Resources/images/background.png
[DEBUG] from resource zip => assets/Resources/images/button-login.png
[DEBUG] from resource zip => assets/Resources/images/icon-beer.png
[DEBUG] from resource zip => assets/Resources/images/icon-drank.png
[DEBUG] from resource zip => assets/Resources/images/icon-drink.png
[DEBUG] from resource zip => assets/Resources/images/icon-firehose.png
[DEBUG] from resource zip => assets/Resources/images/icon-settings.png
[DEBUG] from resource zip => assets/Resources/images/navbar.png
[DEBUG] from resource zip => assets/Resources/images/openshift-logo-white-scaled.png
[DEBUG] from resource zip => assets/Resources/images/openshift-logo-white.png
[DEBUG] from resource zip => assets/Resources/images/pitcher.jpg
[DEBUG] from resource zip => assets/Resources/KS_nav_ui.png
[DEBUG] from resource zip => assets/Resources/KS_nav_views.png
[DEBUG] from resource zip => assets/Resources/app.js
[DEBUG] from resource zip => assets/Resources/appicon.png
[DEBUG] from resource zip => assets/Resources/beerTable.js
[DEBUG] from resource zip => assets/Resources/dateFormat.js
[DEBUG] from resource zip => assets/Resources/default.png
[DEBUG] from resource zip => assets/Resources/detailWindow.js
[DEBUG] from resource zip => assets/Resources/drankWindow.js
[DEBUG] from resource zip => assets/Resources/drinkWindow.js
[DEBUG] from resource zip => assets/Resources/firehoseWindow.js
[DEBUG] from resource zip => assets/Resources/populateDrankAndKegStand.js
[DEBUG] from resource zip => assets/Resources/populateTableWithBeer.js
[DEBUG] from resource zip => assets/Resources/settingsWindow.js
[DEBUG] from resource zip => assets/Resources/whereDrank.js
[DEBUG] from resource zip => assets/app.json
[DEBUG] from resource zip => assets/index.json
[DEBUG] from resource zip => assets/tiapp.xml
[DEBUG] from resource zip => res/drawable/appicon.png
[DEBUG] from resource zip => res/drawable/background.png
[DEBUG] from resource zip => res/drawable/close.png
[DEBUG] from resource zip => res/drawable/facebook_login.png
[DEBUG] from resource zip => res/drawable/facebook_login_down.png
[DEBUG] from resource zip => res/drawable/facebook_login_wide.png
[DEBUG] from resource zip => res/drawable/facebook_login_wide_down.png
[DEBUG] from resource zip => res/drawable/facebook_logout.png
[DEBUG] from resource zip => res/drawable/facebook_logout_down.png
[DEBUG] from resource zip => res/layout/titanium_tabgroup.xml
[DEBUG] from resource zip => AndroidManifest.xml
[DEBUG] from resource zip => resources.arsc
[DEBUG] from resource zip => res/drawable-hdpi/close.png
[DEBUG] from resource zip => res/drawable-ldpi/close.png
[DEBUG] from resource zip => res/drawable-long-land-hdpi/background.png
[DEBUG] from resource zip => res/drawable-long-land-hdpi/default_d44e27d97b.png
[DEBUG] from resource zip => res/drawable-long-land-ldpi/background.png
[DEBUG] from resource zip => res/drawable-long-land-ldpi/default_d44e27d97b.png
[DEBUG] from resource zip => res/drawable-long-port-hdpi/background.png
[DEBUG] from resource zip => res/drawable-long-port-hdpi/default_d44e27d97b.png
[DEBUG] from resource zip => res/drawable-long-port-ldpi/background.png
[DEBUG] from resource zip => res/drawable-long-port-ldpi/default_d44e27d97b.png
[DEBUG] from resource zip => res/drawable-notlong-land-hdpi/background.png
[DEBUG] from resource zip => res/drawable-notlong-land-hdpi/default_d44e27d97b.png
[DEBUG] from resource zip => res/drawable-notlong-land-ldpi/background.png
[DEBUG] from resource zip => res/drawable-notlong-land-ldpi/default_d44e27d97b.png
[DEBUG] from resource zip => res/drawable-notlong-land-mdpi/background.png
[DEBUG] from resource zip => res/drawable-notlong-land-mdpi/default_d44e27d97b.png
[DEBUG] from resource zip => res/drawable-notlong-port-hdpi/background.png
[DEBUG] from resource zip => res/drawable-notlong-port-hdpi/default_d44e27d97b.png
[DEBUG] from resource zip => res/drawable-notlong-port-ldpi/background.png
[DEBUG] from resource zip => res/drawable-notlong-port-ldpi/default_d44e27d97b.png
[DEBUG] from resource zip => res/drawable-notlong-port-mdpi/background.png
[DEBUG] from resource zip => res/drawable-notlong-port-mdpi/default_d44e27d97b.png
[DEBUG] from JAR /Library/Application Support/Titanium/mobilesdk/osx/2.0.2.GA/android/thirdparty.jar => org/apache/Commons-NOTICE.txt
[DEBUG] from JAR /Library/Application Support/Titanium/mobilesdk/osx/2.0.2.GA/android/thirdparty.jar => org/apache/HttpComponents-NOTICE.txt
[DEBUG] from JAR /Library/Application Support/Titanium/mobilesdk/osx/2.0.2.GA/android/thirdparty.jar => org/apache/mime4j-NOTICE.txt
[DEBUG] from JAR /Library/Application Support/Titanium/mobilesdk/osx/2.0.2.GA/android/modules/titanium-ui.jar => ti/modules/titanium/ui/widget/webview/binding.js
[DEBUG] from JAR /Library/Application Support/Titanium/mobilesdk/osx/2.0.2.GA/android/modules/titanium-ui.jar => ti/modules/titanium/ui/widget/webview/binding.min.js
[DEBUG] from JAR /Library/Application Support/Titanium/mobilesdk/osx/2.0.2.GA/android/modules/titanium-ui.jar => ti/modules/titanium/ui/widget/webview/json2.js
[DEBUG] from JAR /Library/Application Support/Titanium/mobilesdk/osx/2.0.2.GA/android/titanium.jar => org/appcelerator/titanium/build.properties
[DEBUG] from JAR /Library/Application Support/Titanium/mobilesdk/osx/2.0.2.GA/android/titanium.jar => org/appcelerator/titanium/res/drawable/background.png
[DEBUG] from JAR /Library/Application Support/Titanium/mobilesdk/osx/2.0.2.GA/android/titanium.jar => org/appcelerator/titanium/res/drawable/btn_check_buttonless_on.png
[DEBUG] from JAR /Library/Application Support/Titanium/mobilesdk/osx/2.0.2.GA/android/titanium.jar => org/appcelerator/titanium/res/drawable/btn_check_buttonless_on_18.png
[DEBUG] from JAR /Library/Application Support/Titanium/mobilesdk/osx/2.0.2.GA/android/titanium.jar => org/appcelerator/titanium/res/drawable/btn_check_buttonless_on_48.png
[DEBUG] from JAR /Library/Application Support/Titanium/mobilesdk/osx/2.0.2.GA/android/titanium.jar => org/appcelerator/titanium/res/drawable/btn_more.png
[DEBUG] from JAR /Library/Application Support/Titanium/mobilesdk/osx/2.0.2.GA/android/titanium.jar => org/appcelerator/titanium/res/drawable/btn_more_18.png
[DEBUG] from JAR /Library/Application Support/Titanium/mobilesdk/osx/2.0.2.GA/android/titanium.jar => org/appcelerator/titanium/res/drawable/btn_more_48.png
[DEBUG] from JAR /Library/Application Support/Titanium/mobilesdk/osx/2.0.2.GA/android/titanium.jar => org/appcelerator/titanium/res/drawable/btn_picker_normal.9.png
[DEBUG] from JAR /Library/Application Support/Titanium/mobilesdk/osx/2.0.2.GA/android/titanium.jar => org/appcelerator/titanium/res/drawable/btn_picker_pressed.9.png
[DEBUG] from JAR /Library/Application Support/Titanium/mobilesdk/osx/2.0.2.GA/android/titanium.jar => org/appcelerator/titanium/res/drawable/btn_picker_selected.9.png
[DEBUG] from JAR /Library/Application Support/Titanium/mobilesdk/osx/2.0.2.GA/android/titanium.jar => org/appcelerator/titanium/res/drawable/default_icon.png
[DEBUG] from JAR /Library/Application Support/Titanium/mobilesdk/osx/2.0.2.GA/android/titanium.jar => org/appcelerator/titanium/res/drawable/photoDefault.png
[DEBUG] from JAR /Library/Application Support/Titanium/mobilesdk/osx/2.0.2.GA/android/modules/titanium-facebook.jar => ti/modules/titanium/facebook/LICENSE
[DEBUG] installing native SDK libs
[DEBUG] Waiting for device to be ready ...
[TRACE] adb devices returned 1 devices/emulators
[DEBUG] Device connected... (waited 0 seconds)
[DEBUG] waited 0.015665 seconds on emulator to get ready
[INFO] Installing application on emulator
[INFO] Launching application ... BeerShift
[TRACE] Launch output: Starting: Intent { act=android.intent.action.MAIN cat=[android.intent.category.LAUNCHER] cmp=com.onopenshift.beershift/.BeershiftActivity }

[INFO] Deployed BeerShift ... Application should be running.
[INFO] Android Emulator has exited
